2021-04-23 09:09:59,359:INFO:Initializing load_model()
2021-04-23 09:09:59,359:INFO:load_model(model_name=modelCB, platform=None, authentication=None, verbose=True)
2021-04-23 09:11:23,524:INFO:Initializing load_model()
2021-04-23 09:11:23,524:INFO:load_model(model_name=modelCB, platform=None, authentication=None, verbose=True)
2021-04-23 09:14:08,394:INFO:Initializing load_model()
2021-04-23 09:14:08,403:INFO:load_model(model_name=modelCB, platform=None, authentication=None, verbose=True)
2021-04-23 09:32:43,660:INFO:Initializing load_model()
2021-04-23 09:32:43,662:INFO:load_model(model_name=modelCB, platform=None, authentication=None, verbose=True)
2021-04-23 09:32:46,164:INFO:Initializing load_model()
2021-04-23 09:32:46,165:INFO:load_model(model_name=modelCB, platform=None, authentication=None, verbose=True)
2021-04-23 09:32:49,970:INFO:Initializing load_model()
2021-04-23 09:32:49,970:INFO:load_model(model_name=modelCB, platform=None, authentication=None, verbose=True)
2021-04-23 09:32:51,661:INFO:Initializing load_model()
2021-04-23 09:32:51,667:INFO:load_model(model_name=modelCB, platform=None, authentication=None, verbose=True)
2021-04-23 09:32:51,759:INFO:Initializing load_model()
2021-04-23 09:32:51,762:INFO:load_model(model_name=modelCB, platform=None, authentication=None, verbose=True)
2021-04-23 09:33:05,808:INFO:Initializing load_model()
2021-04-23 09:33:05,808:INFO:load_model(model_name=modelCB, platform=None, authentication=None, verbose=True)
2021-04-23 09:33:11,904:INFO:Initializing load_model()
2021-04-23 09:33:11,904:INFO:load_model(model_name=modelCB, platform=None, authentication=None, verbose=True)
2021-04-23 09:33:25,058:INFO:Initializing load_model()
2021-04-23 09:33:25,058:INFO:load_model(model_name=modelCB, platform=None, authentication=None, verbose=True)
2021-04-23 09:34:51,468:INFO:Initializing load_model()
2021-04-23 09:34:51,469:INFO:load_model(model_name=modelCB, platform=None, authentication=None, verbose=True)
2021-04-23 09:35:03,661:INFO:Initializing load_model()
2021-04-23 09:35:03,661:INFO:load_model(model_name=modelCB, platform=None, authentication=None, verbose=True)
2021-04-23 09:35:07,059:INFO:Initializing load_model()
2021-04-23 09:35:07,061:INFO:load_model(model_name=modelCB, platform=None, authentication=None, verbose=True)
2021-04-23 09:35:10,341:INFO:Initializing load_model()
2021-04-23 09:35:10,341:INFO:load_model(model_name=modelCB, platform=None, authentication=None, verbose=True)
2021-04-23 09:35:12,154:INFO:Initializing load_model()
2021-04-23 09:35:12,156:INFO:load_model(model_name=modelCB, platform=None, authentication=None, verbose=True)
2021-04-23 09:35:12,225:INFO:Initializing load_model()
2021-04-23 09:35:12,225:INFO:load_model(model_name=modelCB, platform=None, authentication=None, verbose=True)
2021-04-23 09:35:15,344:INFO:Initializing load_model()
2021-04-23 09:35:15,348:INFO:load_model(model_name=modelCB, platform=None, authentication=None, verbose=True)
2021-04-23 09:35:30,675:INFO:Initializing load_model()
2021-04-23 09:35:30,675:INFO:load_model(model_name=modelCB, platform=None, authentication=None, verbose=True)
2021-04-23 09:35:37,110:INFO:Initializing load_model()
2021-04-23 09:35:37,110:INFO:load_model(model_name=modelCB, platform=None, authentication=None, verbose=True)
2021-04-23 09:35:43,996:INFO:Initializing load_model()
2021-04-23 09:35:44,015:INFO:load_model(model_name=modelCB, platform=None, authentication=None, verbose=True)
2021-04-23 09:35:51,555:INFO:Initializing load_model()
2021-04-23 09:35:51,555:INFO:load_model(model_name=modelCB, platform=None, authentication=None, verbose=True)
2021-04-23 09:35:54,105:INFO:Initializing load_model()
2021-04-23 09:35:54,105:INFO:load_model(model_name=modelCB, platform=None, authentication=None, verbose=True)
2021-04-23 09:36:01,200:INFO:Initializing load_model()
2021-04-23 09:36:01,202:INFO:load_model(model_name=modelCB, platform=None, authentication=None, verbose=True)
2021-04-23 09:36:03,171:INFO:Initializing load_model()
2021-04-23 09:36:03,180:INFO:load_model(model_name=modelCB, platform=None, authentication=None, verbose=True)
2021-04-23 09:36:03,221:INFO:Initializing load_model()
2021-04-23 09:36:03,228:INFO:load_model(model_name=modelCB, platform=None, authentication=None, verbose=True)
2021-04-23 09:36:07,334:INFO:Initializing load_model()
2021-04-23 09:36:07,335:INFO:load_model(model_name=modelCB, platform=None, authentication=None, verbose=True)
2021-04-23 09:36:11,845:INFO:Initializing load_model()
2021-04-23 09:36:11,845:INFO:load_model(model_name=modelCB, platform=None, authentication=None, verbose=True)
2021-04-23 09:36:11,949:INFO:Initializing load_model()
2021-04-23 09:36:11,959:INFO:load_model(model_name=modelCB, platform=None, authentication=None, verbose=True)
2021-04-23 09:36:12,066:INFO:Initializing predict_model()
2021-04-23 09:36:12,066:INFO:predict_model(estimator=Pipeline(steps=[('dtypes',
                 DataTypes_Auto_infer(ml_usecase='classification',
                                      target='fraud_reported')),
                ('imputer',
                 Simple_Imputer(categorical_strategy='not_available',
                                fill_value_categorical=None,
                                fill_value_numerical=None,
                                numeric_strategy='mean',
                                target_variable=None)),
                ('new_levels1',
                 New_Catagorical_Levels_in_TestData(replacement_strategy='least '
                                                                         'freque...
                ('rem_outliers', 'passthrough'), ('cluster_all', 'passthrough'),
                ('dummy', Dummify(target='fraud_reported')),
                ('fix_perfect', Remove_100(target='fraud_reported')),
                ('clean_names', Clean_Colum_Names()),
                ('feature_select', 'passthrough'), ('fix_multi', 'passthrough'),
                ('dfs', 'passthrough'), ('pca', 'passthrough'),
                ['trained_model',
                 <catboost.core.CatBoostClassifier object at 0x0000019BE68CFCD0>]]), probability_threshold=None, encoded_labels=False, raw_score=False, round=4, verbose=True, ml_usecase=MLUsecase.CLASSIFICATION, display=None)
2021-04-23 09:36:12,069:INFO:Checking exceptions
2021-04-23 09:36:12,073:INFO:Preloading libraries
2021-04-23 09:37:15,056:INFO:Initializing load_model()
2021-04-23 09:37:15,057:INFO:load_model(model_name=modelCB, platform=None, authentication=None, verbose=True)
2021-04-23 09:37:15,175:INFO:Initializing predict_model()
2021-04-23 09:37:15,175:INFO:predict_model(estimator=Pipeline(steps=[('dtypes',
                 DataTypes_Auto_infer(ml_usecase='classification',
                                      target='fraud_reported')),
                ('imputer',
                 Simple_Imputer(categorical_strategy='not_available',
                                fill_value_categorical=None,
                                fill_value_numerical=None,
                                numeric_strategy='mean',
                                target_variable=None)),
                ('new_levels1',
                 New_Catagorical_Levels_in_TestData(replacement_strategy='least '
                                                                         'freque...
                ('rem_outliers', 'passthrough'), ('cluster_all', 'passthrough'),
                ('dummy', Dummify(target='fraud_reported')),
                ('fix_perfect', Remove_100(target='fraud_reported')),
                ('clean_names', Clean_Colum_Names()),
                ('feature_select', 'passthrough'), ('fix_multi', 'passthrough'),
                ('dfs', 'passthrough'), ('pca', 'passthrough'),
                ['trained_model',
                 <catboost.core.CatBoostClassifier object at 0x0000019BE68E5880>]]), probability_threshold=None, encoded_labels=False, raw_score=False, round=4, verbose=True, ml_usecase=MLUsecase.CLASSIFICATION, display=None)
2021-04-23 09:37:15,185:INFO:Checking exceptions
2021-04-23 09:37:15,189:INFO:Preloading libraries
2021-04-23 09:37:48,221:INFO:Initializing load_model()
2021-04-23 09:37:48,221:INFO:load_model(model_name=modelCB, platform=None, authentication=None, verbose=True)
2021-04-23 09:37:48,317:INFO:Initializing predict_model()
2021-04-23 09:37:48,317:INFO:predict_model(estimator=Pipeline(steps=[('dtypes',
                 DataTypes_Auto_infer(ml_usecase='classification',
                                      target='fraud_reported')),
                ('imputer',
                 Simple_Imputer(categorical_strategy='not_available',
                                fill_value_categorical=None,
                                fill_value_numerical=None,
                                numeric_strategy='mean',
                                target_variable=None)),
                ('new_levels1',
                 New_Catagorical_Levels_in_TestData(replacement_strategy='least '
                                                                         'freque...
                ('rem_outliers', 'passthrough'), ('cluster_all', 'passthrough'),
                ('dummy', Dummify(target='fraud_reported')),
                ('fix_perfect', Remove_100(target='fraud_reported')),
                ('clean_names', Clean_Colum_Names()),
                ('feature_select', 'passthrough'), ('fix_multi', 'passthrough'),
                ('dfs', 'passthrough'), ('pca', 'passthrough'),
                ['trained_model',
                 <catboost.core.CatBoostClassifier object at 0x0000019BE6988550>]]), probability_threshold=None, encoded_labels=False, raw_score=False, round=4, verbose=True, ml_usecase=MLUsecase.CLASSIFICATION, display=None)
2021-04-23 09:37:48,339:INFO:Checking exceptions
2021-04-23 09:37:48,339:INFO:Preloading libraries
2021-04-23 09:38:00,620:INFO:Initializing load_model()
2021-04-23 09:38:00,624:INFO:load_model(model_name=modelCB, platform=None, authentication=None, verbose=True)
2021-04-23 09:38:04,921:INFO:Initializing load_model()
2021-04-23 09:38:04,921:INFO:load_model(model_name=modelCB, platform=None, authentication=None, verbose=True)
2021-04-23 09:38:05,002:INFO:Initializing predict_model()
2021-04-23 09:38:05,008:INFO:predict_model(estimator=Pipeline(steps=[('dtypes',
                 DataTypes_Auto_infer(ml_usecase='classification',
                                      target='fraud_reported')),
                ('imputer',
                 Simple_Imputer(categorical_strategy='not_available',
                                fill_value_categorical=None,
                                fill_value_numerical=None,
                                numeric_strategy='mean',
                                target_variable=None)),
                ('new_levels1',
                 New_Catagorical_Levels_in_TestData(replacement_strategy='least '
                                                                         'freque...
                ('rem_outliers', 'passthrough'), ('cluster_all', 'passthrough'),
                ('dummy', Dummify(target='fraud_reported')),
                ('fix_perfect', Remove_100(target='fraud_reported')),
                ('clean_names', Clean_Colum_Names()),
                ('feature_select', 'passthrough'), ('fix_multi', 'passthrough'),
                ('dfs', 'passthrough'), ('pca', 'passthrough'),
                ['trained_model',
                 <catboost.core.CatBoostClassifier object at 0x0000019BE6934580>]]), probability_threshold=None, encoded_labels=False, raw_score=False, round=4, verbose=True, ml_usecase=MLUsecase.CLASSIFICATION, display=None)
2021-04-23 09:38:05,022:INFO:Checking exceptions
2021-04-23 09:38:05,024:INFO:Preloading libraries
2021-04-23 09:38:15,137:INFO:Initializing load_model()
2021-04-23 09:38:15,140:INFO:load_model(model_name=modelCB, platform=None, authentication=None, verbose=True)
2021-04-23 09:38:18,568:INFO:Initializing load_model()
2021-04-23 09:38:18,568:INFO:load_model(model_name=modelCB, platform=None, authentication=None, verbose=True)
2021-04-23 09:38:18,674:INFO:Initializing predict_model()
2021-04-23 09:38:18,675:INFO:predict_model(estimator=Pipeline(steps=[('dtypes',
                 DataTypes_Auto_infer(ml_usecase='classification',
                                      target='fraud_reported')),
                ('imputer',
                 Simple_Imputer(categorical_strategy='not_available',
                                fill_value_categorical=None,
                                fill_value_numerical=None,
                                numeric_strategy='mean',
                                target_variable=None)),
                ('new_levels1',
                 New_Catagorical_Levels_in_TestData(replacement_strategy='least '
                                                                         'freque...
                ('rem_outliers', 'passthrough'), ('cluster_all', 'passthrough'),
                ('dummy', Dummify(target='fraud_reported')),
                ('fix_perfect', Remove_100(target='fraud_reported')),
                ('clean_names', Clean_Colum_Names()),
                ('feature_select', 'passthrough'), ('fix_multi', 'passthrough'),
                ('dfs', 'passthrough'), ('pca', 'passthrough'),
                ['trained_model',
                 <catboost.core.CatBoostClassifier object at 0x0000019BE68D9EB0>]]), probability_threshold=None, encoded_labels=False, raw_score=False, round=4, verbose=True, ml_usecase=MLUsecase.CLASSIFICATION, display=None)
2021-04-23 09:38:18,679:INFO:Checking exceptions
2021-04-23 09:38:18,685:INFO:Preloading libraries
2021-04-23 10:02:38,574:INFO:Initializing load_model()
2021-04-23 10:02:38,574:INFO:load_model(model_name=modelCB, platform=None, authentication=None, verbose=True)
2021-04-23 10:05:47,766:INFO:Initializing load_model()
2021-04-23 10:05:47,777:INFO:load_model(model_name=modelCB, platform=None, authentication=None, verbose=True)
2021-04-23 10:06:23,018:INFO:Initializing load_model()
2021-04-23 10:06:23,018:INFO:load_model(model_name=modelCB, platform=None, authentication=None, verbose=True)
2021-04-23 10:07:03,587:INFO:Initializing load_model()
2021-04-23 10:07:03,588:INFO:load_model(model_name=modelCB, platform=None, authentication=None, verbose=True)
2021-04-23 10:07:13,767:INFO:Initializing load_model()
2021-04-23 10:07:13,767:INFO:load_model(model_name=modelCB, platform=None, authentication=None, verbose=True)
2021-04-23 10:07:21,863:INFO:Initializing load_model()
2021-04-23 10:07:21,865:INFO:load_model(model_name=modelCB, platform=None, authentication=None, verbose=True)
2021-04-23 13:02:18,345:INFO:Initializing load_model()
2021-04-23 13:02:18,353:INFO:load_model(model_name=modelCB, platform=None, authentication=None, verbose=True)
